make --dry-run --always-make --keep-going --print-directory
make: Entering directory '/home/mathis/src/pactole-stage'
 
coq_makefile -f _CoqProject -o Makefile
 
make --no-print-directory -f "Makefile" pre-all
 
coq_makefile -f _CoqProject -o Makefile
 
# Extension point
if [ "8.15.1" != "8.15.1" ]; then\
  echo "W: This Makefile was generated by Coq 8.15.1";\
  echo "W: while the current Coq version is 8.15.1";\
fi
 
make --no-print-directory -f "Makefile" real-all
 
coq_makefile -f _CoqProject -o Makefile
 
make[1]: *** No rule to make target 'CaseStudies/Gathering/InR2/Weber.v', needed by '.Makefile.d'.
make[1]: *** No rule to make target 'CaseStudies/Gathering/InR2/Weber.v', needed by '.Makefile.d'.
make[1]: *** No rule to make target 'CaseStudies/Gathering/InR2/Weber.v', needed by '.Makefile.d'.
make[1]: *** No rule to make target 'CaseStudies/Gathering/InR2/Weber.v', needed by '.Makefile.d'.
make[1]: *** No rule to make target 'CaseStudies/Gathering/InR2/Weber.v', needed by '.Makefile.d'.
make[1]: *** No rule to make target 'CaseStudies/Gathering/InR2/Weber.v', needed by '.Makefile.d'.
make[1]: *** No rule to make target 'CaseStudies/Gathering/InR2/Weber.v', needed by '.Makefile.d'.
make[1]: *** No rule to make target 'CaseStudies/Gathering/InR2/Weber.v', needed by '.Makefile.d'.
make[1]: *** No rule to make target 'CaseStudies/Gathering/InR2/Weber.v', needed by '.Makefile.d'.
make[1]: *** No rule to make target 'CaseStudies/Gathering/InR2/Weber.v', needed by '.Makefile.d'.
make[1]: *** No rule to make target 'CaseStudies/Gathering/InR2/Weber.v', needed by '.Makefile.d'.

make[1]: *** No rule to make target 'CaseStudies/Gathering/InR2/Weber.v', needed by '.Makefile.d'.
make[1]: *** No rule to make target 'CaseStudies/Gathering/InR2/Weber.v', needed by '.Makefile.d'.
make[1]: *** No rule to make target 'CaseStudies/Gathering/InR2/Weber.v', needed by '.Makefile.d'.
make[1]: *** No rule to make target 'CaseStudies/Gathering/InR2/Weber.v', needed by '.Makefile.d'.
make[1]: *** No rule to make target 'CaseStudies/Gathering/InR2/Weber.v', needed by '.Makefile.d'.
make[1]: *** No rule to make target 'CaseStudies/Gathering/InR2/Weber.v', needed by '.Makefile.d'.
make[1]: *** No rule to make target 'CaseStudies/Gathering/InR2/Weber.v', needed by '.Makefile.d'.
make[1]: *** No rule to make target 'CaseStudies/Gathering/InR2/Weber.v', needed by '.Makefile.d'.
make[1]: *** No rule to make target 'CaseStudies/Gathering/InR2/Weber.v', needed by '.Makefile.d'.
make[1]: *** No rule to make target 'CaseStudies/Gathering/InR2/Weber.v', needed by '.Makefile.d'.
make[1]: *** No rule to make target 'CaseStudies/Gathering/InR2/Weber.v', needed by '.Makefile.d'.
make[1]: *** No rule to make target 'CaseStudies/Gathering/InR2/Weber.v', needed by '.Makefile.d'.
make[1]: *** No rule to make target 'CaseStudies/Gathering/InR2/Weber.v', needed by '.Makefile.d'.
make[1]: *** No rule to make target 'CaseStudies/Gathering/InR2/Weber.v', needed by '.Makefile.d'.
make[1]: *** No rule to make target 'CaseStudies/Gathering/InR2/Weber.v', needed by '.Makefile.d'.
make[1]: *** No rule to make target 'CaseStudies/Gathering/InR2/Weber.v', needed by '.Makefile.d'.
make[1]: *** No rule to make target 'CaseStudies/Gathering/InR2/Weber.v', needed by '.Makefile.d'.
make[1]: *** No rule to make target 'CaseStudies/Gathering/InR2/Weber.v', needed by '.Makefile.d'.
make[1]: *** No rule to make target 'CaseStudies/Gathering/InR2/Weber.v', needed by '.Makefile.d'.
make[1]: *** No rule to make target 'CaseStudies/Gathering/InR2/Weber.v', needed by '.Makefile.d'.
make[1]: *** No rule to make target 'CaseStudies/Gathering/InR2/Weber.v', needed by '.Makefile.d'.
make[1]: *** No rule to make target 'CaseStudies/Gathering/InR2/Weber.v', needed by '.Makefile.d'.
make[1]: *** No rule to make target 'CaseStudies/Gathering/InR2/Weber.v', needed by '.Makefile.d'.
make[1]: *** No rule to make target 'CaseStudies/Gathering/InR2/Weber.v', needed by '.Makefile.d'.
make[1]: *** No rule to make target 'CaseStudies/Gathering/InR2/Weber.v', needed by '.Makefile.d'.
make[1]: *** No rule to make target 'CaseStudies/Gathering/InR2/Weber.v', needed by '.Makefile.d'.
make[1]: *** No rule to make target 'CaseStudies/Gathering/InR2/Weber.v', needed by '.Makefile.d'.
make[1]: *** No rule to make target 'CaseStudies/Gathering/InR2/Weber.v', needed by '.Makefile.d'.
make[1]: *** No rule to make target 'CaseStudies/Gathering/InR2/Weber.v', needed by '.Makefile.d'.
make[1]: *** No rule to make target 'CaseStudies/Gathering/InR2/Weber.v', needed by '.Makefile.d'.
make[1]: *** No rule to make target 'CaseStudies/Gathering/InR2/Weber.v', needed by '.Makefile.d'.
make[1]: *** No rule to make target 'CaseStudies/Gathering/InR2/Weber.v', needed by '.Makefile.d'.
make[1]: *** No rule to make target 'CaseStudies/Gathering/InR2/Weber.v', needed by '.Makefile.d'.
make[1]: *** No rule to make target 'CaseStudies/Gathering/InR2/Weber.v', needed by '.Makefile.d'.
make[1]: *** No rule to make target 'CaseStudies/Gathering/InR2/Weber.v', needed by '.Makefile.d'.
make[1]: *** No rule to make target 'CaseStudies/Gathering/InR2/Weber.v', needed by '.Makefile.d'.
make[1]: *** No rule to make target 'CaseStudies/Gathering/InR2/Weber.v', needed by '.Makefile.d'.
make[1]: *** No rule to make target 'CaseStudies/Gathering/InR2/Weber.v', needed by '.Makefile.d'.
make[1]: *** No rule to make target 'CaseStudies/Gathering/InR2/Weber.v', needed by '.Makefile.d'.
make[1]: *** No rule to make target 'CaseStudies/Gathering/InR2/Weber.v', needed by '.Makefile.d'.
make[1]: *** No rule to make target 'CaseStudies/Gathering/InR2/Weber.v', needed by '.Makefile.d'.
make[1]: *** No rule to make target 'CaseStudies/Gathering/InR2/Weber.v', needed by '.Makefile.d'.
make[1]: *** No rule to make target 'CaseStudies/Gathering/InR2/Weber.v', needed by '.Makefile.d'.
make[1]: *** No rule to make target 'CaseStudies/Gathering/InR2/Weber.v', needed by '.Makefile.d'.
make[1]: *** No rule to make target 'CaseStudies/Gathering/InR2/Weber.v', needed by '.Makefile.d'.
make[1]: *** No rule to make target 'CaseStudies/Gathering/InR2/Weber.v', needed by '.Makefile.d'.
make[1]: *** No rule to make target 'CaseStudies/Gathering/InR2/Weber.v', needed by '.Makefile.d'.
make[1]: *** No rule to make target 'CaseStudies/Gathering/InR2/Weber.v', needed by '.Makefile.d'.
make[1]: *** No rule to make target 'CaseStudies/Gathering/InR2/Weber.v', needed by '.Makefile.d'.
make[1]: *** No rule to make target 'CaseStudies/Gathering/InR2/Weber.v', needed by '.Makefile.d'.
make[1]: *** No rule to make target 'CaseStudies/Gathering/InR2/Weber.v', needed by '.Makefile.d'.
make[1]: *** No rule to make target 'CaseStudies/Gathering/InR2/Weber.v', needed by '.Makefile.d'.
make[1]: *** No rule to make target 'CaseStudies/Gathering/InR2/Weber.v', needed by '.Makefile.d'.
make[1]: *** No rule to make target 'CaseStudies/Gathering/InR2/Weber.v', needed by '.Makefile.d'.
make[1]: *** No rule to make target 'CaseStudies/Gathering/InR2/Weber.v', needed by '.Makefile.d'.
make[1]: *** No rule to make target 'CaseStudies/Gathering/InR2/Weber.v', needed by '.Makefile.d'.
make[1]: *** No rule to make target 'CaseStudies/Gathering/InR2/Weber.v', needed by '.Makefile.d'.
make[1]: *** No rule to make target 'CaseStudies/Gathering/InR2/Weber.v', needed by '.Makefile.d'.
make[1]: *** No rule to make target 'CaseStudies/Gathering/InR2/Weber.v', needed by '.Makefile.d'.
make[1]: *** No rule to make target 'CaseStudies/Gathering/InR2/Weber.v', needed by '.Makefile.d'.
make[1]: *** No rule to make target 'CaseStudies/Gathering/InR2/Weber.v', needed by 'CaseStudies/Gathering/InR2/Weber.vo'.
make[1]: *** No rule to make target 'CaseStudies/Gathering/InR2/Weber.v', needed by 'CaseStudies/Gathering/InR2/Weber.vo'.
make[1]: *** No rule to make target 'CaseStudies/Gathering/InR2/Weber.v', needed by 'CaseStudies/Gathering/InR2/Weber.vo'.
make[1]: *** No rule to make target 'CaseStudies/Gathering/InR2/Weber.v', needed by 'CaseStudies/Gathering/InR2/Weber.vo'.
make[1]: *** No rule to make target 'CaseStudies/Gathering/InR2/Weber.v', needed by 'CaseStudies/Gathering/InR2/Weber.vo'.
make[1]: *** No rule to make target 'CaseStudies/Gathering/InR2/Weber.v', needed by 'CaseStudies/Gathering/InR2/Weber.vo'.
make[1]: *** No rule to make target 'CaseStudies/Gathering/InR2/Weber.v', needed by 'CaseStudies/Gathering/InR2/Weber.vo'.

make: *** [Makefile:387: all] Error 2

make: Leaving directory '/home/mathis/src/pactole-stage'
 
